INFO 2025-03-22 19:43:36,625 autoreload 38660 54404 Watching for file changes with StatReloader
INFO 2025-03-22 19:43:42,359 autoreload 35668 50452 Watching for file changes with StatReloader
INFO 2025-03-22 19:44:56,343 autoreload 26052 63776 Watching for file changes with StatReloader
INFO 2025-03-22 19:46:18,736 autoreload 38660 54404 C:\Users\moham\Visual Studio stuff\cs_council_reporting\cs_council\settings.py changed, reloading.
INFO 2025-03-22 19:46:19,512 autoreload 37524 62716 Watching for file changes with StatReloader
INFO 2025-03-22 19:46:30,989 autoreload 37524 62716 C:\Users\moham\Visual Studio stuff\cs_council_reporting\cs_council\settings.py changed, reloading.
INFO 2025-03-22 19:46:31,699 autoreload 41584 35384 Watching for file changes with StatReloader
INFO 2025-03-22 19:46:32,920 autoreload 41584 35384 C:\Users\moham\Visual Studio stuff\cs_council_reporting\cs_council\settings.py changed, reloading.
INFO 2025-03-22 19:46:33,564 autoreload 50796 61224 Watching for file changes with StatReloader
INFO 2025-03-22 19:50:42,618 autoreload 50796 61224 C:\Users\moham\Visual Studio stuff\cs_council_reporting\cs_council\settings.py changed, reloading.
INFO 2025-03-22 19:50:43,351 autoreload 49200 60952 Watching for file changes with StatReloader
INFO 2025-03-22 19:51:49,307 autoreload 23544 42676 Watching for file changes with StatReloader
ERROR 2025-03-22 19:52:00,423 log 49200 15564 Internal Server Error: /
Traceback (most recent call last):
  File "C:\Users\moham\AppData\Local\Programs\Python\Python39\lib\site-packages\django\core\handlers\exception.py", line 55, in inner
    response = get_response(request)
  File "C:\Users\moham\AppData\Local\Programs\Python\Python39\lib\site-packages\django\core\handlers\base.py", line 197, in _get_response
    response = wrapped_callback(request, *callback_args, **callback_kwargs)
  File "C:\Users\moham\Visual Studio stuff\cs_council_reporting\core\views.py", line 4, in home
    return render(request, 'core/index.html')
  File "C:\Users\moham\AppData\Local\Programs\Python\Python39\lib\site-packages\django\shortcuts.py", line 24, in render
    content = loader.render_to_string(template_name, context, request, using=using)
  File "C:\Users\moham\AppData\Local\Programs\Python\Python39\lib\site-packages\django\template\loader.py", line 62, in render_to_string
    return template.render(context, request)
  File "C:\Users\moham\AppData\Local\Programs\Python\Python39\lib\site-packages\django\template\backends\django.py", line 61, in render
    return self.template.render(context)
  File "C:\Users\moham\AppData\Local\Programs\Python\Python39\lib\site-packages\django\template\base.py", line 175, in render
    return self._render(context)
  File "C:\Users\moham\AppData\Local\Programs\Python\Python39\lib\site-packages\django\template\base.py", line 167, in _render
    return self.nodelist.render(context)
  File "C:\Users\moham\AppData\Local\Programs\Python\Python39\lib\site-packages\django\template\base.py", line 1005, in render
    return SafeString("".join([node.render_annotated(context) for node in self]))
  File "C:\Users\moham\AppData\Local\Programs\Python\Python39\lib\site-packages\django\template\base.py", line 1005, in <listcomp>
    return SafeString("".join([node.render_annotated(context) for node in self]))
  File "C:\Users\moham\AppData\Local\Programs\Python\Python39\lib\site-packages\django\template\base.py", line 966, in render_annotated
    return self.render(context)
  File "C:\Users\moham\AppData\Local\Programs\Python\Python39\lib\site-packages\django\template\loader_tags.py", line 157, in render
    return compiled_parent._render(context)
  File "C:\Users\moham\AppData\Local\Programs\Python\Python39\lib\site-packages\django\template\base.py", line 167, in _render
    return self.nodelist.render(context)
  File "C:\Users\moham\AppData\Local\Programs\Python\Python39\lib\site-packages\django\template\base.py", line 1005, in render
    return SafeString("".join([node.render_annotated(context) for node in self]))
  File "C:\Users\moham\AppData\Local\Programs\Python\Python39\lib\site-packages\django\template\base.py", line 1005, in <listcomp>
    return SafeString("".join([node.render_annotated(context) for node in self]))
  File "C:\Users\moham\AppData\Local\Programs\Python\Python39\lib\site-packages\django\template\base.py", line 966, in render_annotated
    return self.render(context)
  File "C:\Users\moham\AppData\Local\Programs\Python\Python39\lib\site-packages\django\template\defaulttags.py", line 321, in render
    return nodelist.render(context)
  File "C:\Users\moham\AppData\Local\Programs\Python\Python39\lib\site-packages\django\template\base.py", line 1005, in render
    return SafeString("".join([node.render_annotated(context) for node in self]))
  File "C:\Users\moham\AppData\Local\Programs\Python\Python39\lib\site-packages\django\template\base.py", line 1005, in <listcomp>
    return SafeString("".join([node.render_annotated(context) for node in self]))
  File "C:\Users\moham\AppData\Local\Programs\Python\Python39\lib\site-packages\django\template\base.py", line 966, in render_annotated
    return self.render(context)
  File "C:\Users\moham\AppData\Local\Programs\Python\Python39\lib\site-packages\django\template\defaulttags.py", line 471, in render
    url = reverse(view_name, args=args, kwargs=kwargs, current_app=current_app)
  File "C:\Users\moham\AppData\Local\Programs\Python\Python39\lib\site-packages\django\urls\base.py", line 88, in reverse
    return resolver._reverse_with_prefix(view, prefix, *args, **kwargs)
  File "C:\Users\moham\AppData\Local\Programs\Python\Python39\lib\site-packages\django\urls\resolvers.py", line 828, in _reverse_with_prefix
    raise NoReverseMatch(msg)
django.urls.exceptions.NoReverseMatch: Reverse for 'login' not found. 'login' is not a valid view function or pattern name.
ERROR 2025-03-22 19:52:00,439 basehttp 49200 15564 "GET / HTTP/1.1" 500 158033
INFO 2025-03-22 19:52:35,301 autoreload 49200 60952 C:\Users\moham\Visual Studio stuff\cs_council_reporting\cs_council\urls.py changed, reloading.
INFO 2025-03-22 19:52:36,044 autoreload 53588 55476 Watching for file changes with StatReloader
INFO 2025-03-22 19:53:08,310 autoreload 53588 55476 C:\Users\moham\Visual Studio stuff\cs_council_reporting\core\urls.py changed, reloading.
INFO 2025-03-22 19:53:09,036 autoreload 60112 16228 Watching for file changes with StatReloader
INFO 2025-03-22 19:53:10,598 autoreload 60112 16228 C:\Users\moham\Visual Studio stuff\cs_council_reporting\core\urls.py changed, reloading.
INFO 2025-03-22 19:53:11,311 autoreload 63768 48756 Watching for file changes with StatReloader
INFO 2025-03-22 19:53:14,089 autoreload 63768 48756 C:\Users\moham\Visual Studio stuff\cs_council_reporting\cs_council\settings.py changed, reloading.
INFO 2025-03-22 19:53:14,700 autoreload 63372 62216 Watching for file changes with StatReloader
INFO 2025-03-22 19:53:16,297 autoreload 63372 62216 C:\Users\moham\Visual Studio stuff\cs_council_reporting\cs_council\settings.py changed, reloading.
INFO 2025-03-22 19:53:17,040 autoreload 49596 30040 Watching for file changes with StatReloader
INFO 2025-03-22 19:53:32,856 autoreload 48136 32400 Watching for file changes with StatReloader
INFO 2025-03-22 19:53:38,131 basehttp 49596 50288 "GET / HTTP/1.1" 200 7473
INFO 2025-03-22 19:53:38,479 basehttp 49596 50288 "GET /static/core/css/style.css HTTP/1.1" 200 6674
INFO 2025-03-22 19:53:38,479 basehttp 49596 59860 "GET /static/core/js/main.js HTTP/1.1" 200 9794
INFO 2025-03-22 19:53:51,438 basehttp 49596 59860 "GET / HTTP/1.1" 200 7473
INFO 2025-03-22 19:53:53,084 basehttp 49596 59860 "GET /issues/ HTTP/1.1" 200 2380
INFO 2025-03-22 19:53:53,107 basehttp 49596 50288 "GET /static/issues/script.js HTTP/1.1" 200 535
INFO 2025-03-22 19:53:53,107 basehttp 49596 59860 "GET /static/issues/style.css HTTP/1.1" 200 12732
INFO 2025-03-22 19:53:59,825 basehttp 49596 59860 "GET /accounts/login/ HTTP/1.1" 200 6395
INFO 2025-03-22 19:54:03,125 basehttp 49596 59860 "GET /register/ HTTP/1.1" 200 7297
INFO 2025-03-22 19:54:14,051 basehttp 49596 59860 "GET / HTTP/1.1" 200 7473
INFO 2025-03-22 19:54:26,748 basehttp 49596 59860 "GET /issues/ HTTP/1.1" 200 2380
INFO 2025-03-22 20:04:42,753 autoreload 49596 30040 C:\Users\moham\Visual Studio stuff\cs_council_reporting\core\views.py changed, reloading.
INFO 2025-03-22 20:04:43,527 autoreload 29384 27544 Watching for file changes with StatReloader
INFO 2025-03-22 20:09:24,288 autoreload 41628 63544 Watching for file changes with StatReloader
ERROR 2025-03-22 20:09:46,576 log 29384 60112 Internal Server Error: /
Traceback (most recent call last):
  File "C:\Users\moham\AppData\Local\Programs\Python\Python39\lib\site-packages\django\core\handlers\exception.py", line 55, in inner
    response = get_response(request)
  File "C:\Users\moham\AppData\Local\Programs\Python\Python39\lib\site-packages\django\core\handlers\base.py", line 197, in _get_response
    response = wrapped_callback(request, *callback_args, **callback_kwargs)
  File "C:\Users\moham\Visual Studio stuff\cs_council_reporting\core\views.py", line 20, in home
    avg_time=Avg('updated_at' - 'created_at')
TypeError: unsupported operand type(s) for -: 'str' and 'str'
ERROR 2025-03-22 20:09:46,576 basehttp 29384 60112 "GET / HTTP/1.1" 500 67555
ERROR 2025-03-22 20:09:50,162 log 29384 60112 Internal Server Error: /
Traceback (most recent call last):
  File "C:\Users\moham\AppData\Local\Programs\Python\Python39\lib\site-packages\django\core\handlers\exception.py", line 55, in inner
    response = get_response(request)
  File "C:\Users\moham\AppData\Local\Programs\Python\Python39\lib\site-packages\django\core\handlers\base.py", line 197, in _get_response
    response = wrapped_callback(request, *callback_args, **callback_kwargs)
  File "C:\Users\moham\Visual Studio stuff\cs_council_reporting\core\views.py", line 20, in home
    avg_time=Avg('updated_at' - 'created_at')
TypeError: unsupported operand type(s) for -: 'str' and 'str'
ERROR 2025-03-22 20:09:50,165 basehttp 29384 60112 "GET / HTTP/1.1" 500 67692
INFO 2025-03-22 20:10:11,796 autoreload 29384 27544 C:\Users\moham\Visual Studio stuff\cs_council_reporting\core\views.py changed, reloading.
INFO 2025-03-22 20:10:12,579 autoreload 54804 62748 Watching for file changes with StatReloader
INFO 2025-03-22 20:10:18,635 autoreload 54804 62748 C:\Users\moham\Visual Studio stuff\cs_council_reporting\core\views.py changed, reloading.
INFO 2025-03-22 20:10:19,345 autoreload 57920 54380 Watching for file changes with StatReloader
ERROR 2025-03-22 20:10:41,672 log 57920 24584 Internal Server Error: /
Traceback (most recent call last):
  File "C:\Users\moham\AppData\Local\Programs\Python\Python39\lib\site-packages\django\core\handlers\exception.py", line 55, in inner
    response = get_response(request)
  File "C:\Users\moham\AppData\Local\Programs\Python\Python39\lib\site-packages\django\core\handlers\base.py", line 197, in _get_response
    response = wrapped_callback(request, *callback_args, **callback_kwargs)
  File "C:\Users\moham\Visual Studio stuff\cs_council_reporting\core\views.py", line 34, in home
    active_users = User.objects.filter(
  File "C:\Users\moham\AppData\Local\Programs\Python\Python39\lib\site-packages\django\db\models\manager.py", line 87, in manager_method
    return getattr(self.get_queryset(), name)(*args, **kwargs)
  File "C:\Users\moham\AppData\Local\Programs\Python\Python39\lib\site-packages\django\db\models\query.py", line 1436, in filter
    return self._filter_or_exclude(False, args, kwargs)
  File "C:\Users\moham\AppData\Local\Programs\Python\Python39\lib\site-packages\django\db\models\query.py", line 1454, in _filter_or_exclude
    clone._filter_or_exclude_inplace(negate, args, kwargs)
  File "C:\Users\moham\AppData\Local\Programs\Python\Python39\lib\site-packages\django\db\models\query.py", line 1461, in _filter_or_exclude_inplace
    self._query.add_q(Q(*args, **kwargs))
  File "C:\Users\moham\AppData\Local\Programs\Python\Python39\lib\site-packages\django\db\models\sql\query.py", line 1545, in add_q
    clause, _ = self._add_q(q_object, self.used_aliases)
  File "C:\Users\moham\AppData\Local\Programs\Python\Python39\lib\site-packages\django\db\models\sql\query.py", line 1576, in _add_q
    child_clause, needed_inner = self.build_filter(
  File "C:\Users\moham\AppData\Local\Programs\Python\Python39\lib\site-packages\django\db\models\sql\query.py", line 1426, in build_filter
    lookups, parts, reffed_expression = self.solve_lookup_type(arg, summarize)
  File "C:\Users\moham\AppData\Local\Programs\Python\Python39\lib\site-packages\django\db\models\sql\query.py", line 1236, in solve_lookup_type
    _, field, _, lookup_parts = self.names_to_path(lookup_splitted, self.get_meta())
  File "C:\Users\moham\AppData\Local\Programs\Python\Python39\lib\site-packages\django\db\models\sql\query.py", line 1724, in names_to_path
    raise FieldError(
django.core.exceptions.FieldError: Cannot resolve keyword 'issue' into field. Choices are: assigned_issues, comment, date_joined, email, first_name, groups, id, is_active, is_staff, is_superuser, last_login, last_name, logentry, password, reported_issues, user_permissions, username
ERROR 2025-03-22 20:10:41,676 basehttp 57920 24584 "GET / HTTP/1.1" 500 112898
ERROR 2025-03-22 20:10:42,800 log 57920 24584 Internal Server Error: /
Traceback (most recent call last):
  File "C:\Users\moham\AppData\Local\Programs\Python\Python39\lib\site-packages\django\core\handlers\exception.py", line 55, in inner
    response = get_response(request)
  File "C:\Users\moham\AppData\Local\Programs\Python\Python39\lib\site-packages\django\core\handlers\base.py", line 197, in _get_response
    response = wrapped_callback(request, *callback_args, **callback_kwargs)
  File "C:\Users\moham\Visual Studio stuff\cs_council_reporting\core\views.py", line 34, in home
    active_users = User.objects.filter(
  File "C:\Users\moham\AppData\Local\Programs\Python\Python39\lib\site-packages\django\db\models\manager.py", line 87, in manager_method
    return getattr(self.get_queryset(), name)(*args, **kwargs)
  File "C:\Users\moham\AppData\Local\Programs\Python\Python39\lib\site-packages\django\db\models\query.py", line 1436, in filter
    return self._filter_or_exclude(False, args, kwargs)
  File "C:\Users\moham\AppData\Local\Programs\Python\Python39\lib\site-packages\django\db\models\query.py", line 1454, in _filter_or_exclude
    clone._filter_or_exclude_inplace(negate, args, kwargs)
  File "C:\Users\moham\AppData\Local\Programs\Python\Python39\lib\site-packages\django\db\models\query.py", line 1461, in _filter_or_exclude_inplace
    self._query.add_q(Q(*args, **kwargs))
  File "C:\Users\moham\AppData\Local\Programs\Python\Python39\lib\site-packages\django\db\models\sql\query.py", line 1545, in add_q
    clause, _ = self._add_q(q_object, self.used_aliases)
  File "C:\Users\moham\AppData\Local\Programs\Python\Python39\lib\site-packages\django\db\models\sql\query.py", line 1576, in _add_q
    child_clause, needed_inner = self.build_filter(
  File "C:\Users\moham\AppData\Local\Programs\Python\Python39\lib\site-packages\django\db\models\sql\query.py", line 1426, in build_filter
    lookups, parts, reffed_expression = self.solve_lookup_type(arg, summarize)
  File "C:\Users\moham\AppData\Local\Programs\Python\Python39\lib\site-packages\django\db\models\sql\query.py", line 1236, in solve_lookup_type
    _, field, _, lookup_parts = self.names_to_path(lookup_splitted, self.get_meta())
  File "C:\Users\moham\AppData\Local\Programs\Python\Python39\lib\site-packages\django\db\models\sql\query.py", line 1724, in names_to_path
    raise FieldError(
django.core.exceptions.FieldError: Cannot resolve keyword 'issue' into field. Choices are: assigned_issues, comment, date_joined, email, first_name, groups, id, is_active, is_staff, is_superuser, last_login, last_name, logentry, password, reported_issues, user_permissions, username
ERROR 2025-03-22 20:10:42,869 basehttp 57920 24584 "GET / HTTP/1.1" 500 112898
INFO 2025-03-22 20:11:12,866 autoreload 57920 54380 C:\Users\moham\Visual Studio stuff\cs_council_reporting\core\views.py changed, reloading.
INFO 2025-03-22 20:11:13,649 autoreload 64916 41436 Watching for file changes with StatReloader
INFO 2025-03-22 20:11:18,449 autoreload 39692 60996 Watching for file changes with StatReloader
ERROR 2025-03-22 20:11:22,820 log 64916 11460 Internal Server Error: /
Traceback (most recent call last):
  File "C:\Users\moham\AppData\Local\Programs\Python\Python39\lib\site-packages\django\template\base.py", line 505, in parse
    compile_func = self.tags[command]
KeyError: 'static'

During handling of the above exception, another exception occurred:

Traceback (most recent call last):
  File "C:\Users\moham\AppData\Local\Programs\Python\Python39\lib\site-packages\django\core\handlers\exception.py", line 55, in inner
    response = get_response(request)
  File "C:\Users\moham\AppData\Local\Programs\Python\Python39\lib\site-packages\django\core\handlers\base.py", line 197, in _get_response
    response = wrapped_callback(request, *callback_args, **callback_kwargs)
  File "C:\Users\moham\Visual Studio stuff\cs_council_reporting\core\views.py", line 45, in home
    return render(request, 'core/index.html', context)
  File "C:\Users\moham\AppData\Local\Programs\Python\Python39\lib\site-packages\django\shortcuts.py", line 24, in render
    content = loader.render_to_string(template_name, context, request, using=using)
  File "C:\Users\moham\AppData\Local\Programs\Python\Python39\lib\site-packages\django\template\loader.py", line 61, in render_to_string
    template = get_template(template_name, using=using)
  File "C:\Users\moham\AppData\Local\Programs\Python\Python39\lib\site-packages\django\template\loader.py", line 15, in get_template
    return engine.get_template(template_name)
  File "C:\Users\moham\AppData\Local\Programs\Python\Python39\lib\site-packages\django\template\backends\django.py", line 33, in get_template
    return Template(self.engine.get_template(template_name), self)
  File "C:\Users\moham\AppData\Local\Programs\Python\Python39\lib\site-packages\django\template\engine.py", line 175, in get_template
    template, origin = self.find_template(template_name)
  File "C:\Users\moham\AppData\Local\Programs\Python\Python39\lib\site-packages\django\template\engine.py", line 157, in find_template
    template = loader.get_template(name, skip=skip)
  File "C:\Users\moham\AppData\Local\Programs\Python\Python39\lib\site-packages\django\template\loaders\cached.py", line 57, in get_template
    template = super().get_template(template_name, skip)
  File "C:\Users\moham\AppData\Local\Programs\Python\Python39\lib\site-packages\django\template\loaders\base.py", line 28, in get_template
    return Template(
  File "C:\Users\moham\AppData\Local\Programs\Python\Python39\lib\site-packages\django\template\base.py", line 154, in __init__
    self.nodelist = self.compile_nodelist()
  File "C:\Users\moham\AppData\Local\Programs\Python\Python39\lib\site-packages\django\template\base.py", line 200, in compile_nodelist
    return parser.parse()
  File "C:\Users\moham\AppData\Local\Programs\Python\Python39\lib\site-packages\django\template\base.py", line 513, in parse
    raise self.error(token, e)
  File "C:\Users\moham\AppData\Local\Programs\Python\Python39\lib\site-packages\django\template\base.py", line 511, in parse
    compiled_result = compile_func(self, token)
  File "C:\Users\moham\AppData\Local\Programs\Python\Python39\lib\site-packages\django\template\loader_tags.py", line 293, in do_extends
    nodelist = parser.parse()
  File "C:\Users\moham\AppData\Local\Programs\Python\Python39\lib\site-packages\django\template\base.py", line 513, in parse
    raise self.error(token, e)
  File "C:\Users\moham\AppData\Local\Programs\Python\Python39\lib\site-packages\django\template\base.py", line 511, in parse
    compiled_result = compile_func(self, token)
  File "C:\Users\moham\AppData\Local\Programs\Python\Python39\lib\site-packages\django\template\loader_tags.py", line 232, in do_block
    nodelist = parser.parse(("endblock",))
  File "C:\Users\moham\AppData\Local\Programs\Python\Python39\lib\site-packages\django\template\base.py", line 507, in parse
    self.invalid_block_tag(token, command, parse_until)
  File "C:\Users\moham\AppData\Local\Programs\Python\Python39\lib\site-packages\django\template\base.py", line 558, in invalid_block_tag
    raise self.error(
django.template.exceptions.TemplateSyntaxError: Invalid block tag on line 23: 'static', expected 'endblock'. Did you forget to register or load this tag?
ERROR 2025-03-22 20:11:22,840 basehttp 64916 11460 "GET / HTTP/1.1" 500 187770
ERROR 2025-03-22 20:11:24,239 log 64916 11460 Internal Server Error: /
Traceback (most recent call last):
  File "C:\Users\moham\AppData\Local\Programs\Python\Python39\lib\site-packages\django\template\base.py", line 505, in parse
    compile_func = self.tags[command]
KeyError: 'static'

During handling of the above exception, another exception occurred:

Traceback (most recent call last):
  File "C:\Users\moham\AppData\Local\Programs\Python\Python39\lib\site-packages\django\core\handlers\exception.py", line 55, in inner
    response = get_response(request)
  File "C:\Users\moham\AppData\Local\Programs\Python\Python39\lib\site-packages\django\core\handlers\base.py", line 197, in _get_response
    response = wrapped_callback(request, *callback_args, **callback_kwargs)
  File "C:\Users\moham\Visual Studio stuff\cs_council_reporting\core\views.py", line 45, in home
    return render(request, 'core/index.html', context)
  File "C:\Users\moham\AppData\Local\Programs\Python\Python39\lib\site-packages\django\shortcuts.py", line 24, in render
    content = loader.render_to_string(template_name, context, request, using=using)
  File "C:\Users\moham\AppData\Local\Programs\Python\Python39\lib\site-packages\django\template\loader.py", line 61, in render_to_string
    template = get_template(template_name, using=using)
  File "C:\Users\moham\AppData\Local\Programs\Python\Python39\lib\site-packages\django\template\loader.py", line 15, in get_template
    return engine.get_template(template_name)
  File "C:\Users\moham\AppData\Local\Programs\Python\Python39\lib\site-packages\django\template\backends\django.py", line 33, in get_template
    return Template(self.engine.get_template(template_name), self)
  File "C:\Users\moham\AppData\Local\Programs\Python\Python39\lib\site-packages\django\template\engine.py", line 175, in get_template
    template, origin = self.find_template(template_name)
  File "C:\Users\moham\AppData\Local\Programs\Python\Python39\lib\site-packages\django\template\engine.py", line 157, in find_template
    template = loader.get_template(name, skip=skip)
  File "C:\Users\moham\AppData\Local\Programs\Python\Python39\lib\site-packages\django\template\loaders\cached.py", line 57, in get_template
    template = super().get_template(template_name, skip)
  File "C:\Users\moham\AppData\Local\Programs\Python\Python39\lib\site-packages\django\template\loaders\base.py", line 28, in get_template
    return Template(
  File "C:\Users\moham\AppData\Local\Programs\Python\Python39\lib\site-packages\django\template\base.py", line 154, in __init__
    self.nodelist = self.compile_nodelist()
  File "C:\Users\moham\AppData\Local\Programs\Python\Python39\lib\site-packages\django\template\base.py", line 200, in compile_nodelist
    return parser.parse()
  File "C:\Users\moham\AppData\Local\Programs\Python\Python39\lib\site-packages\django\template\base.py", line 513, in parse
    raise self.error(token, e)
  File "C:\Users\moham\AppData\Local\Programs\Python\Python39\lib\site-packages\django\template\base.py", line 511, in parse
    compiled_result = compile_func(self, token)
  File "C:\Users\moham\AppData\Local\Programs\Python\Python39\lib\site-packages\django\template\loader_tags.py", line 293, in do_extends
    nodelist = parser.parse()
  File "C:\Users\moham\AppData\Local\Programs\Python\Python39\lib\site-packages\django\template\base.py", line 513, in parse
    raise self.error(token, e)
  File "C:\Users\moham\AppData\Local\Programs\Python\Python39\lib\site-packages\django\template\base.py", line 511, in parse
    compiled_result = compile_func(self, token)
  File "C:\Users\moham\AppData\Local\Programs\Python\Python39\lib\site-packages\django\template\loader_tags.py", line 232, in do_block
    nodelist = parser.parse(("endblock",))
  File "C:\Users\moham\AppData\Local\Programs\Python\Python39\lib\site-packages\django\template\base.py", line 507, in parse
    self.invalid_block_tag(token, command, parse_until)
  File "C:\Users\moham\AppData\Local\Programs\Python\Python39\lib\site-packages\django\template\base.py", line 558, in invalid_block_tag
    raise self.error(
django.template.exceptions.TemplateSyntaxError: Invalid block tag on line 23: 'static', expected 'endblock'. Did you forget to register or load this tag?
ERROR 2025-03-22 20:11:24,239 basehttp 64916 11460 "GET / HTTP/1.1" 500 187770
INFO 2025-03-22 20:12:08,537 autoreload 27960 21540 Watching for file changes with StatReloader
INFO 2025-03-22 20:12:12,723 basehttp 64916 11460 "GET / HTTP/1.1" 200 15628
WARNING 2025-03-22 20:12:12,771 basehttp 64916 49840 "GET /static/core/img/hero-image.svg HTTP/1.1" 404 1929
WARNING 2025-03-22 20:12:12,772 basehttp 64916 11460 "GET /static/core/img/logo.png HTTP/1.1" 404 1911
INFO 2025-03-22 20:12:13,023 basehttp 64916 28936 "GET /static/core/css/style.css HTTP/1.1" 200 10355
INFO 2025-03-22 20:12:13,023 basehttp 64916 30696 "GET /static/core/js/main.js HTTP/1.1" 200 5349
WARNING 2025-03-22 20:12:13,136 basehttp 64916 30696 "GET /static/core/img/favicon.png HTTP/1.1" 404 1920
INFO 2025-03-22 20:12:38,546 basehttp 64916 28936 "GET /issues/ HTTP/1.1" 200 2380
INFO 2025-03-22 20:12:50,840 basehttp 64916 28936 "GET /accounts/login/ HTTP/1.1" 200 7093
INFO 2025-03-22 20:12:50,880 basehttp 64916 15700 "GET /static/core/js/main.js HTTP/1.1" 304 0
INFO 2025-03-22 20:12:50,880 basehttp 64916 28936 "GET /static/core/css/style.css HTTP/1.1" 304 0
WARNING 2025-03-22 20:12:50,885 basehttp 64916 52588 "GET /static/core/img/logo.png HTTP/1.1" 404 1911
INFO 2025-03-22 20:12:53,323 basehttp 64916 28936 "GET /register/ HTTP/1.1" 200 7995
WARNING 2025-03-22 20:12:53,348 basehttp 64916 28936 "GET /static/core/img/logo.png HTTP/1.1" 404 1911
INFO 2025-03-22 20:12:56,844 basehttp 64916 15700 "GET / HTTP/1.1" 200 15628
WARNING 2025-03-22 20:12:56,890 basehttp 64916 15700 "GET /static/core/img/logo.png HTTP/1.1" 404 1911
WARNING 2025-03-22 20:12:56,890 basehttp 64916 26692 "GET /static/core/img/hero-image.svg HTTP/1.1" 404 1929
INFO 2025-03-22 20:17:51,588 autoreload 63156 65372 Watching for file changes with StatReloader
ERROR 2025-03-22 20:17:54,773 log 64916 59828 Internal Server Error: /
Traceback (most recent call last):
  File "C:\Users\moham\AppData\Local\Programs\Python\Python39\lib\site-packages\django\core\handlers\exception.py", line 55, in inner
    response = get_response(request)
  File "C:\Users\moham\AppData\Local\Programs\Python\Python39\lib\site-packages\django\core\handlers\base.py", line 197, in _get_response
    response = wrapped_callback(request, *callback_args, **callback_kwargs)
  File "C:\Users\moham\Visual Studio stuff\cs_council_reporting\core\views.py", line 45, in home
    return render(request, 'core/index.html', context)
  File "C:\Users\moham\AppData\Local\Programs\Python\Python39\lib\site-packages\django\shortcuts.py", line 24, in render
    content = loader.render_to_string(template_name, context, request, using=using)
  File "C:\Users\moham\AppData\Local\Programs\Python\Python39\lib\site-packages\django\template\loader.py", line 62, in render_to_string
    return template.render(context, request)
  File "C:\Users\moham\AppData\Local\Programs\Python\Python39\lib\site-packages\django\template\backends\django.py", line 61, in render
    return self.template.render(context)
  File "C:\Users\moham\AppData\Local\Programs\Python\Python39\lib\site-packages\django\template\base.py", line 175, in render
    return self._render(context)
  File "C:\Users\moham\AppData\Local\Programs\Python\Python39\lib\site-packages\django\template\base.py", line 167, in _render
    return self.nodelist.render(context)
  File "C:\Users\moham\AppData\Local\Programs\Python\Python39\lib\site-packages\django\template\base.py", line 1005, in render
    return SafeString("".join([node.render_annotated(context) for node in self]))
  File "C:\Users\moham\AppData\Local\Programs\Python\Python39\lib\site-packages\django\template\base.py", line 1005, in <listcomp>
    return SafeString("".join([node.render_annotated(context) for node in self]))
  File "C:\Users\moham\AppData\Local\Programs\Python\Python39\lib\site-packages\django\template\base.py", line 966, in render_annotated
    return self.render(context)
  File "C:\Users\moham\AppData\Local\Programs\Python\Python39\lib\site-packages\django\template\loader_tags.py", line 157, in render
    return compiled_parent._render(context)
  File "C:\Users\moham\AppData\Local\Programs\Python\Python39\lib\site-packages\django\template\base.py", line 167, in _render
    return self.nodelist.render(context)
  File "C:\Users\moham\AppData\Local\Programs\Python\Python39\lib\site-packages\django\template\base.py", line 1005, in render
    return SafeString("".join([node.render_annotated(context) for node in self]))
  File "C:\Users\moham\AppData\Local\Programs\Python\Python39\lib\site-packages\django\template\base.py", line 1005, in <listcomp>
    return SafeString("".join([node.render_annotated(context) for node in self]))
  File "C:\Users\moham\AppData\Local\Programs\Python\Python39\lib\site-packages\django\template\base.py", line 966, in render_annotated
    return self.render(context)
  File "C:\Users\moham\AppData\Local\Programs\Python\Python39\lib\site-packages\django\template\defaulttags.py", line 471, in render
    url = reverse(view_name, args=args, kwargs=kwargs, current_app=current_app)
  File "C:\Users\moham\AppData\Local\Programs\Python\Python39\lib\site-packages\django\urls\base.py", line 88, in reverse
    return resolver._reverse_with_prefix(view, prefix, *args, **kwargs)
  File "C:\Users\moham\AppData\Local\Programs\Python\Python39\lib\site-packages\django\urls\resolvers.py", line 828, in _reverse_with_prefix
    raise NoReverseMatch(msg)
django.urls.exceptions.NoReverseMatch: Reverse for 'index' not found. 'index' is not a valid view function or pattern name.
ERROR 2025-03-22 20:17:54,773 basehttp 64916 59828 "GET / HTTP/1.1" 500 147545
INFO 2025-03-22 20:18:17,992 autoreload 64916 41436 C:\Users\moham\Visual Studio stuff\cs_council_reporting\core\urls.py changed, reloading.
INFO 2025-03-22 20:18:18,933 autoreload 20776 40208 Watching for file changes with StatReloader
INFO 2025-03-22 20:18:26,477 autoreload 60092 55068 Watching for file changes with StatReloader
ERROR 2025-03-22 20:18:31,258 log 20776 12080 Internal Server Error: /
Traceback (most recent call last):
  File "C:\Users\moham\AppData\Local\Programs\Python\Python39\lib\site-packages\django\core\handlers\exception.py", line 55, in inner
    response = get_response(request)
  File "C:\Users\moham\AppData\Local\Programs\Python\Python39\lib\site-packages\django\core\handlers\base.py", line 197, in _get_response
    response = wrapped_callback(request, *callback_args, **callback_kwargs)
  File "C:\Users\moham\Visual Studio stuff\cs_council_reporting\core\views.py", line 45, in home
    return render(request, 'core/index.html', context)
  File "C:\Users\moham\AppData\Local\Programs\Python\Python39\lib\site-packages\django\shortcuts.py", line 24, in render
    content = loader.render_to_string(template_name, context, request, using=using)
  File "C:\Users\moham\AppData\Local\Programs\Python\Python39\lib\site-packages\django\template\loader.py", line 62, in render_to_string
    return template.render(context, request)
  File "C:\Users\moham\AppData\Local\Programs\Python\Python39\lib\site-packages\django\template\backends\django.py", line 61, in render
    return self.template.render(context)
  File "C:\Users\moham\AppData\Local\Programs\Python\Python39\lib\site-packages\django\template\base.py", line 175, in render
    return self._render(context)
  File "C:\Users\moham\AppData\Local\Programs\Python\Python39\lib\site-packages\django\template\base.py", line 167, in _render
    return self.nodelist.render(context)
  File "C:\Users\moham\AppData\Local\Programs\Python\Python39\lib\site-packages\django\template\base.py", line 1005, in render
    return SafeString("".join([node.render_annotated(context) for node in self]))
  File "C:\Users\moham\AppData\Local\Programs\Python\Python39\lib\site-packages\django\template\base.py", line 1005, in <listcomp>
    return SafeString("".join([node.render_annotated(context) for node in self]))
  File "C:\Users\moham\AppData\Local\Programs\Python\Python39\lib\site-packages\django\template\base.py", line 966, in render_annotated
    return self.render(context)
  File "C:\Users\moham\AppData\Local\Programs\Python\Python39\lib\site-packages\django\template\loader_tags.py", line 157, in render
    return compiled_parent._render(context)
  File "C:\Users\moham\AppData\Local\Programs\Python\Python39\lib\site-packages\django\template\base.py", line 167, in _render
    return self.nodelist.render(context)
  File "C:\Users\moham\AppData\Local\Programs\Python\Python39\lib\site-packages\django\template\base.py", line 1005, in render
    return SafeString("".join([node.render_annotated(context) for node in self]))
  File "C:\Users\moham\AppData\Local\Programs\Python\Python39\lib\site-packages\django\template\base.py", line 1005, in <listcomp>
    return SafeString("".join([node.render_annotated(context) for node in self]))
  File "C:\Users\moham\AppData\Local\Programs\Python\Python39\lib\site-packages\django\template\base.py", line 966, in render_annotated
    return self.render(context)
  File "C:\Users\moham\AppData\Local\Programs\Python\Python39\lib\site-packages\django\template\defaulttags.py", line 471, in render
    url = reverse(view_name, args=args, kwargs=kwargs, current_app=current_app)
  File "C:\Users\moham\AppData\Local\Programs\Python\Python39\lib\site-packages\django\urls\base.py", line 88, in reverse
    return resolver._reverse_with_prefix(view, prefix, *args, **kwargs)
  File "C:\Users\moham\AppData\Local\Programs\Python\Python39\lib\site-packages\django\urls\resolvers.py", line 828, in _reverse_with_prefix
    raise NoReverseMatch(msg)
django.urls.exceptions.NoReverseMatch: Reverse for 'contact' not found. 'contact' is not a valid view function or pattern name.
ERROR 2025-03-22 20:18:31,262 basehttp 20776 12080 "GET / HTTP/1.1" 500 148132
ERROR 2025-03-22 20:18:32,494 log 20776 12080 Internal Server Error: /
Traceback (most recent call last):
  File "C:\Users\moham\AppData\Local\Programs\Python\Python39\lib\site-packages\django\core\handlers\exception.py", line 55, in inner
    response = get_response(request)
  File "C:\Users\moham\AppData\Local\Programs\Python\Python39\lib\site-packages\django\core\handlers\base.py", line 197, in _get_response
    response = wrapped_callback(request, *callback_args, **callback_kwargs)
  File "C:\Users\moham\Visual Studio stuff\cs_council_reporting\core\views.py", line 45, in home
    return render(request, 'core/index.html', context)
  File "C:\Users\moham\AppData\Local\Programs\Python\Python39\lib\site-packages\django\shortcuts.py", line 24, in render
    content = loader.render_to_string(template_name, context, request, using=using)
  File "C:\Users\moham\AppData\Local\Programs\Python\Python39\lib\site-packages\django\template\loader.py", line 62, in render_to_string
    return template.render(context, request)
  File "C:\Users\moham\AppData\Local\Programs\Python\Python39\lib\site-packages\django\template\backends\django.py", line 61, in render
    return self.template.render(context)
  File "C:\Users\moham\AppData\Local\Programs\Python\Python39\lib\site-packages\django\template\base.py", line 175, in render
    return self._render(context)
  File "C:\Users\moham\AppData\Local\Programs\Python\Python39\lib\site-packages\django\template\base.py", line 167, in _render
    return self.nodelist.render(context)
  File "C:\Users\moham\AppData\Local\Programs\Python\Python39\lib\site-packages\django\template\base.py", line 1005, in render
    return SafeString("".join([node.render_annotated(context) for node in self]))
  File "C:\Users\moham\AppData\Local\Programs\Python\Python39\lib\site-packages\django\template\base.py", line 1005, in <listcomp>
    return SafeString("".join([node.render_annotated(context) for node in self]))
  File "C:\Users\moham\AppData\Local\Programs\Python\Python39\lib\site-packages\django\template\base.py", line 966, in render_annotated
    return self.render(context)
  File "C:\Users\moham\AppData\Local\Programs\Python\Python39\lib\site-packages\django\template\loader_tags.py", line 157, in render
    return compiled_parent._render(context)
  File "C:\Users\moham\AppData\Local\Programs\Python\Python39\lib\site-packages\django\template\base.py", line 167, in _render
    return self.nodelist.render(context)
  File "C:\Users\moham\AppData\Local\Programs\Python\Python39\lib\site-packages\django\template\base.py", line 1005, in render
    return SafeString("".join([node.render_annotated(context) for node in self]))
  File "C:\Users\moham\AppData\Local\Programs\Python\Python39\lib\site-packages\django\template\base.py", line 1005, in <listcomp>
    return SafeString("".join([node.render_annotated(context) for node in self]))
  File "C:\Users\moham\AppData\Local\Programs\Python\Python39\lib\site-packages\django\template\base.py", line 966, in render_annotated
    return self.render(context)
  File "C:\Users\moham\AppData\Local\Programs\Python\Python39\lib\site-packages\django\template\defaulttags.py", line 471, in render
    url = reverse(view_name, args=args, kwargs=kwargs, current_app=current_app)
  File "C:\Users\moham\AppData\Local\Programs\Python\Python39\lib\site-packages\django\urls\base.py", line 88, in reverse
    return resolver._reverse_with_prefix(view, prefix, *args, **kwargs)
  File "C:\Users\moham\AppData\Local\Programs\Python\Python39\lib\site-packages\django\urls\resolvers.py", line 828, in _reverse_with_prefix
    raise NoReverseMatch(msg)
django.urls.exceptions.NoReverseMatch: Reverse for 'contact' not found. 'contact' is not a valid view function or pattern name.
ERROR 2025-03-22 20:18:32,506 basehttp 20776 12080 "GET / HTTP/1.1" 500 148133
INFO 2025-03-22 20:19:09,692 autoreload 20776 40208 C:\Users\moham\Visual Studio stuff\cs_council_reporting\core\views.py changed, reloading.
INFO 2025-03-22 20:19:10,594 autoreload 61340 46048 Watching for file changes with StatReloader
INFO 2025-03-22 20:19:35,832 autoreload 44988 57336 Watching for file changes with StatReloader
INFO 2025-03-22 20:19:53,033 autoreload 61340 46048 C:\Users\moham\Visual Studio stuff\cs_council_reporting\core\models.py changed, reloading.
INFO 2025-03-22 20:19:53,878 autoreload 65476 25712 Watching for file changes with StatReloader
INFO 2025-03-22 22:54:04,210 autoreload 65476 25712 C:\Users\moham\Visual Studio stuff\cs_council_reporting\core\views.py changed, reloading.
INFO 2025-03-22 22:54:05,066 autoreload 58644 47464 Watching for file changes with StatReloader
INFO 2025-03-22 22:54:16,966 autoreload 58644 47464 C:\Users\moham\Visual Studio stuff\cs_council_reporting\core\models.py changed, reloading.
INFO 2025-03-22 22:54:17,789 autoreload 16572 11972 Watching for file changes with StatReloader
INFO 2025-03-22 22:54:37,434 autoreload 33676 39644 Watching for file changes with StatReloader
INFO 2025-03-22 22:54:44,830 basehttp 16572 36620 "GET / HTTP/1.1" 200 15201
INFO 2025-03-22 22:54:44,880 basehttp 16572 34648 "GET /static/core/js/main.js HTTP/1.1" 304 0
WARNING 2025-03-22 22:54:44,917 basehttp 16572 56352 "GET /static/core/img/logo.png HTTP/1.1" 404 1911
WARNING 2025-03-22 22:54:44,917 basehttp 16572 57984 "GET /static/core/img/hero-image.svg HTTP/1.1" 404 1929
INFO 2025-03-22 22:54:45,402 basehttp 16572 36620 "GET /static/core/css/style.css HTTP/1.1" 200 9576
WARNING 2025-03-22 22:54:45,449 basehttp 16572 36620 "GET /static/core/img/pattern.png HTTP/1.1" 404 1920
INFO 2025-03-22 22:55:18,021 basehttp 16572 34648 "GET /issues/new/ HTTP/1.1" 302 0
INFO 2025-03-22 22:55:18,084 basehttp 16572 34648 "GET /accounts/login/?next=/issues/new/ HTTP/1.1" 200 6845
WARNING 2025-03-22 22:55:18,135 basehttp 16572 34648 "GET /static/core/img/logo.png HTTP/1.1" 404 1911
INFO 2025-03-22 22:55:20,721 basehttp 16572 25736 "GET /issues/ HTTP/1.1" 200 2380
INFO 2025-03-22 22:55:20,755 basehttp 16572 45800 "GET /static/issues/script.js HTTP/1.1" 304 0
INFO 2025-03-22 22:55:20,755 basehttp 16572 25736 "GET /static/issues/style.css HTTP/1.1" 304 0
INFO 2025-03-22 22:55:25,330 basehttp 16572 25736 "GET /issues/ HTTP/1.1" 200 2380
INFO 2025-03-22 22:55:26,642 basehttp 16572 25736 "GET /accounts/login/ HTTP/1.1" 200 6845
WARNING 2025-03-22 22:55:26,686 basehttp 16572 25736 "GET /static/core/img/logo.png HTTP/1.1" 404 1911
INFO 2025-03-22 22:55:29,543 basehttp 16572 45800 "GET /issues/ HTTP/1.1" 200 2380
INFO 2025-03-22 22:55:31,833 basehttp 16572 45800 "GET /issues/new/ HTTP/1.1" 302 0
INFO 2025-03-22 22:55:31,851 basehttp 16572 45800 "GET /accounts/login/?next=/issues/new/ HTTP/1.1" 200 6845
WARNING 2025-03-22 22:55:31,901 basehttp 16572 45800 "GET /static/core/img/logo.png HTTP/1.1" 404 1911
INFO 2025-03-22 22:55:35,835 basehttp 16572 62908 "GET / HTTP/1.1" 200 15201
WARNING 2025-03-22 22:55:35,912 basehttp 16572 64896 "GET /static/core/img/hero-image.svg HTTP/1.1" 404 1929
WARNING 2025-03-22 22:55:35,924 basehttp 16572 62908 "GET /static/core/img/logo.png HTTP/1.1" 404 1911
INFO 2025-03-22 22:55:54,751 basehttp 16572 23832 "GET / HTTP/1.1" 200 15201
WARNING 2025-03-22 22:55:54,789 basehttp 16572 23832 "GET /static/core/img/hero-image.svg HTTP/1.1" 404 1929
WARNING 2025-03-22 22:55:54,791 basehttp 16572 51308 "GET /static/core/img/logo.png HTTP/1.1" 404 1911
INFO 2025-03-22 22:57:59,480 autoreload 4788 36296 Watching for file changes with StatReloader
INFO 2025-03-22 22:58:04,844 basehttp 16572 61276 "GET / HTTP/1.1" 200 15201
WARNING 2025-03-22 22:58:04,892 basehttp 16572 42996 "GET /static/core/img/hero-image.svg HTTP/1.1" 404 1929
WARNING 2025-03-22 22:58:04,899 basehttp 16572 61276 "GET /static/core/img/logo.png HTTP/1.1" 404 1911
INFO 2025-03-22 22:58:06,732 basehttp 16572 4416 "GET /issues/ HTTP/1.1" 200 8361
WARNING 2025-03-22 22:58:06,797 basehttp 16572 4416 "GET /static/core/img/logo.png HTTP/1.1" 404 1911
INFO 2025-03-22 22:58:20,310 basehttp 16572 20096 "GET / HTTP/1.1" 200 15201
WARNING 2025-03-22 22:58:20,359 basehttp 16572 20096 "GET /static/core/img/logo.png HTTP/1.1" 404 1911
WARNING 2025-03-22 22:58:20,365 basehttp 16572 16348 "GET /static/core/img/hero-image.svg HTTP/1.1" 404 1929
INFO 2025-03-22 22:58:31,195 basehttp 16572 45684 "GET /register/ HTTP/1.1" 200 7747
WARNING 2025-03-22 22:58:31,246 basehttp 16572 45684 "GET /static/core/img/logo.png HTTP/1.1" 404 1911
INFO 2025-03-22 22:58:32,713 basehttp 16572 2536 "GET /accounts/login/ HTTP/1.1" 200 6845
WARNING 2025-03-22 22:58:32,759 basehttp 16572 2536 "GET /static/core/img/logo.png HTTP/1.1" 404 1911
INFO 2025-03-22 22:58:34,786 basehttp 16572 5468 "GET /issues/ HTTP/1.1" 200 8361
WARNING 2025-03-22 22:58:34,827 basehttp 16572 5468 "GET /static/core/img/logo.png HTTP/1.1" 404 1911
INFO 2025-03-22 22:58:36,618 basehttp 16572 53052 "GET / HTTP/1.1" 200 15201
WARNING 2025-03-22 22:58:36,670 basehttp 16572 53052 "GET /static/core/img/logo.png HTTP/1.1" 404 1911
WARNING 2025-03-22 22:58:36,670 basehttp 16572 552 "GET /static/core/img/hero-image.svg HTTP/1.1" 404 1929
INFO 2025-03-22 22:59:47,096 autoreload 16572 11972 C:\Users\moham\Visual Studio stuff\cs_council_reporting\cs_council\urls.py changed, reloading.
INFO 2025-03-22 22:59:47,960 autoreload 63268 58536 Watching for file changes with StatReloader
INFO 2025-03-22 23:03:50,211 autoreload 3156 64128 Watching for file changes with StatReloader
INFO 2025-03-22 23:04:02,562 basehttp 63268 43164 "GET / HTTP/1.1" 200 15201
WARNING 2025-03-22 23:04:02,636 basehttp 63268 43164 "GET /static/core/img/logo.png HTTP/1.1" 404 1911
WARNING 2025-03-22 23:04:02,636 basehttp 63268 45460 "GET /static/core/img/pattern.png HTTP/1.1" 404 1920
WARNING 2025-03-22 23:04:02,636 basehttp 63268 48656 "GET /static/core/img/hero-image.svg HTTP/1.1" 404 1929
INFO 2025-03-22 23:04:07,520 basehttp 63268 58764 "GET /issues/ HTTP/1.1" 200 8361
WARNING 2025-03-22 23:04:07,569 basehttp 63268 58764 "GET /static/core/img/logo.png HTTP/1.1" 404 1911
INFO 2025-03-22 23:04:10,948 basehttp 63268 58944 "GET /issues/new/ HTTP/1.1" 302 0
INFO 2025-03-22 23:04:10,997 basehttp 63268 58944 "GET /accounts/login/?next=/issues/new/ HTTP/1.1" 200 6845
WARNING 2025-03-22 23:04:11,034 basehttp 63268 58944 "GET /static/core/img/logo.png HTTP/1.1" 404 1911
INFO 2025-03-22 23:04:12,581 basehttp 63268 56540 "GET / HTTP/1.1" 200 15201
WARNING 2025-03-22 23:04:12,645 basehttp 63268 56540 "GET /static/core/img/logo.png HTTP/1.1" 404 1911
WARNING 2025-03-22 23:04:12,647 basehttp 63268 47484 "GET /static/core/img/hero-image.svg HTTP/1.1" 404 1929
INFO 2025-03-22 23:07:45,629 basehttp 63268 26652 "GET / HTTP/1.1" 200 15201
WARNING 2025-03-22 23:07:45,678 basehttp 63268 26652 "GET /static/core/img/logo.png HTTP/1.1" 404 1911
WARNING 2025-03-22 23:07:45,683 basehttp 63268 25940 "GET /static/core/img/hero-image.svg HTTP/1.1" 404 1929
WARNING 2025-03-22 23:07:45,688 basehttp 63268 35880 "GET /static/core/img/pattern.png HTTP/1.1" 404 1920
INFO 2025-03-22 23:10:08,657 autoreload 63268 58536 C:\Users\moham\Visual Studio stuff\cs_council_reporting\core\urls.py changed, reloading.
INFO 2025-03-22 23:10:09,586 autoreload 64852 29432 Watching for file changes with StatReloader
INFO 2025-03-22 23:10:32,129 basehttp 64852 57148 "GET / HTTP/1.1" 200 15201
WARNING 2025-03-22 23:10:32,178 basehttp 64852 51496 "GET /static/core/img/hero-image.svg HTTP/1.1" 404 1929
WARNING 2025-03-22 23:10:32,186 basehttp 64852 57148 "GET /static/core/img/logo.png HTTP/1.1" 404 1911
INFO 2025-03-22 23:10:48,056 basehttp 64852 21776 "GET /issues/new/ HTTP/1.1" 302 0
INFO 2025-03-22 23:10:48,116 basehttp 64852 21776 "GET /accounts/login/?next=/issues/new/ HTTP/1.1" 200 6845
INFO 2025-03-22 23:10:48,142 basehttp 64852 21776 "GET /static/core/css/style.css HTTP/1.1" 304 0
WARNING 2025-03-22 23:10:48,157 basehttp 64852 21776 "GET /static/core/img/logo.png HTTP/1.1" 404 1911
INFO 2025-03-22 23:11:07,269 basehttp 64852 41584 "GET /accounts/login/?next=/issues/new/ HTTP/1.1" 200 6845
INFO 2025-03-22 23:11:09,055 basehttp 64852 41584 "GET / HTTP/1.1" 200 15201
WARNING 2025-03-22 23:11:09,120 basehttp 64852 41700 "GET /static/core/img/hero-image.svg HTTP/1.1" 404 1929
WARNING 2025-03-22 23:11:09,125 basehttp 64852 41584 "GET /static/core/img/logo.png HTTP/1.1" 404 1911
INFO 2025-03-22 23:11:10,538 basehttp 64852 41392 "GET / HTTP/1.1" 200 15201
WARNING 2025-03-22 23:11:10,573 basehttp 64852 41392 "GET /static/core/img/hero-image.svg HTTP/1.1" 404 1929
WARNING 2025-03-22 23:11:10,573 basehttp 64852 20316 "GET /static/core/img/logo.png HTTP/1.1" 404 1911
INFO 2025-03-22 23:13:10,478 autoreload 64852 29432 C:\Users\moham\Visual Studio stuff\cs_council_reporting\cs_council\urls.py changed, reloading.
INFO 2025-03-22 23:13:11,323 autoreload 60164 34052 Watching for file changes with StatReloader
INFO 2025-03-22 23:13:33,358 basehttp 60164 60400 "GET / HTTP/1.1" 200 15192
INFO 2025-03-22 23:13:33,386 basehttp 60164 51048 "GET /static/core/js/main.js HTTP/1.1" 304 0
WARNING 2025-03-22 23:13:33,419 basehttp 60164 58372 "GET /static/core/img/pattern.png HTTP/1.1" 404 1920
WARNING 2025-03-22 23:13:33,419 basehttp 60164 60400 "GET /static/core/img/logo.png HTTP/1.1" 404 1911
WARNING 2025-03-22 23:13:33,427 basehttp 60164 49060 "GET /static/core/img/hero-image.svg HTTP/1.1" 404 1929
INFO 2025-03-22 23:15:37,798 basehttp 60164 51048 "GET / HTTP/1.1" 200 15362
WARNING 2025-03-22 23:15:37,842 basehttp 60164 51048 "GET /static/core/img/logo.png HTTP/1.1" 404 1911
WARNING 2025-03-22 23:15:37,848 basehttp 60164 29004 "GET /static/core/img/hero-image.svg HTTP/1.1" 404 1929
INFO 2025-03-22 23:15:39,407 basehttp 60164 25912 "GET /issues/new/ HTTP/1.1" 302 0
INFO 2025-03-22 23:15:39,476 basehttp 60164 25912 "GET /login/?next=/issues/new/ HTTP/1.1" 200 6836
WARNING 2025-03-22 23:15:39,515 basehttp 60164 25912 "GET /static/core/img/logo.png HTTP/1.1" 404 1911
INFO 2025-03-22 23:15:42,903 basehttp 60164 51380 "GET /issues/ HTTP/1.1" 200 8352
WARNING 2025-03-22 23:15:42,948 basehttp 60164 51380 "GET /static/core/img/logo.png HTTP/1.1" 404 1911
INFO 2025-03-22 23:15:48,351 basehttp 60164 47132 "GET / HTTP/1.1" 200 15362
WARNING 2025-03-22 23:15:48,389 basehttp 60164 47132 "GET /static/core/img/logo.png HTTP/1.1" 404 1911
WARNING 2025-03-22 23:15:48,389 basehttp 60164 38164 "GET /static/core/img/hero-image.svg HTTP/1.1" 404 1929
INFO 2025-03-22 23:16:14,173 basehttp 60164 63004 "GET /contact/ HTTP/1.1" 200 9230
WARNING 2025-03-22 23:16:14,217 basehttp 60164 63004 "GET /static/core/img/logo.png HTTP/1.1" 404 1911
INFO 2025-03-22 23:16:38,108 basehttp 60164 62484 "GET / HTTP/1.1" 200 15362
WARNING 2025-03-22 23:16:38,156 basehttp 60164 62484 "GET /static/core/img/logo.png HTTP/1.1" 404 1911
WARNING 2025-03-22 23:16:38,160 basehttp 60164 42600 "GET /static/core/img/hero-image.svg HTTP/1.1" 404 1929
INFO 2025-03-22 23:18:51,694 basehttp 60164 65128 "GET / HTTP/1.1" 200 15362
WARNING 2025-03-22 23:18:51,740 basehttp 60164 65128 "GET /static/core/img/logo.png HTTP/1.1" 404 1911
WARNING 2025-03-22 23:18:51,740 basehttp 60164 28252 "GET /static/core/img/pattern.png HTTP/1.1" 404 1920
WARNING 2025-03-22 23:18:51,755 basehttp 60164 42696 "GET /static/core/img/hero-image.svg HTTP/1.1" 404 1929
INFO 2025-03-22 23:18:53,907 basehttp 60164 58088 "GET / HTTP/1.1" 200 15362
WARNING 2025-03-22 23:18:53,961 basehttp 60164 58088 "GET /static/core/img/logo.png HTTP/1.1" 404 1911
WARNING 2025-03-22 23:18:53,964 basehttp 60164 16908 "GET /static/core/img/hero-image.svg HTTP/1.1" 404 1929
INFO 2025-03-22 23:18:57,639 basehttp 60164 63704 "GET /issues/new/ HTTP/1.1" 302 0
INFO 2025-03-22 23:18:57,651 basehttp 60164 63704 "GET /login/?next=/issues/new/ HTTP/1.1" 200 6836
WARNING 2025-03-22 23:18:57,691 basehttp 60164 63704 "GET /static/core/img/logo.png HTTP/1.1" 404 1911
INFO 2025-03-22 23:20:02,787 basehttp 60164 7712 "GET / HTTP/1.1" 200 15362
WARNING 2025-03-22 23:20:02,825 basehttp 60164 7712 "GET /static/core/img/logo.png HTTP/1.1" 404 1911
WARNING 2025-03-22 23:20:02,831 basehttp 60164 41012 "GET /static/core/img/hero-image.svg HTTP/1.1" 404 1929
INFO 2025-03-22 23:20:03,900 basehttp 60164 10884 "GET / HTTP/1.1" 200 15362
WARNING 2025-03-22 23:20:03,943 basehttp 60164 10884 "GET /static/core/img/logo.png HTTP/1.1" 404 1911
WARNING 2025-03-22 23:20:03,955 basehttp 60164 42548 "GET /static/core/img/hero-image.svg HTTP/1.1" 404 1929
INFO 2025-03-22 23:20:05,407 basehttp 60164 60240 "GET / HTTP/1.1" 200 15362
WARNING 2025-03-22 23:20:05,443 basehttp 60164 29284 "GET /static/core/img/hero-image.svg HTTP/1.1" 404 1929
WARNING 2025-03-22 23:20:05,450 basehttp 60164 60240 "GET /static/core/img/logo.png HTTP/1.1" 404 1911
INFO 2025-03-22 23:20:07,438 basehttp 60164 33644 "GET / HTTP/1.1" 200 15362
WARNING 2025-03-22 23:20:07,476 basehttp 60164 33644 "GET /static/core/img/logo.png HTTP/1.1" 404 1911
WARNING 2025-03-22 23:20:07,484 basehttp 60164 52188 "GET /static/core/img/hero-image.svg HTTP/1.1" 404 1929
INFO 2025-03-22 23:20:10,475 basehttp 60164 31136 "GET /issues/new/ HTTP/1.1" 302 0
INFO 2025-03-22 23:20:10,479 basehttp 60164 31136 "GET /login/?next=/issues/new/ HTTP/1.1" 200 6836
WARNING 2025-03-22 23:20:10,519 basehttp 60164 31136 "GET /static/core/img/logo.png HTTP/1.1" 404 1911
INFO 2025-03-22 23:20:14,831 basehttp 60164 53116 "GET /issues/ HTTP/1.1" 200 8352
WARNING 2025-03-22 23:20:14,869 basehttp 60164 53116 "GET /static/core/img/logo.png HTTP/1.1" 404 1911
INFO 2025-03-22 23:20:18,614 basehttp 60164 54156 "GET / HTTP/1.1" 200 15362
WARNING 2025-03-22 23:20:18,649 basehttp 60164 54156 "GET /static/core/img/logo.png HTTP/1.1" 404 1911
WARNING 2025-03-22 23:20:18,649 basehttp 60164 62268 "GET /static/core/img/hero-image.svg HTTP/1.1" 404 1929
INFO 2025-03-22 23:21:25,938 basehttp 60164 38108 "GET / HTTP/1.1" 200 15362
WARNING 2025-03-22 23:21:25,986 basehttp 60164 60460 "GET /static/core/img/hero-image.svg HTTP/1.1" 404 1929
WARNING 2025-03-22 23:21:25,991 basehttp 60164 38108 "GET /static/core/img/logo.png HTTP/1.1" 404 1911
INFO 2025-03-22 23:21:26,827 basehttp 60164 41488 "GET / HTTP/1.1" 200 15362
WARNING 2025-03-22 23:21:26,870 basehttp 60164 41488 "GET /static/core/img/hero-image.svg HTTP/1.1" 404 1929
WARNING 2025-03-22 23:21:26,875 basehttp 60164 46296 "GET /static/core/img/logo.png HTTP/1.1" 404 1911
INFO 2025-03-22 23:21:30,039 basehttp 60164 28788 "GET / HTTP/1.1" 200 15362
WARNING 2025-03-22 23:21:30,077 basehttp 60164 59928 "GET /static/core/img/hero-image.svg HTTP/1.1" 404 1929
WARNING 2025-03-22 23:21:30,080 basehttp 60164 28788 "GET /static/core/img/logo.png HTTP/1.1" 404 1911
INFO 2025-03-22 23:23:39,229 basehttp 60164 47568 "GET / HTTP/1.1" 200 15362
WARNING 2025-03-22 23:23:39,269 basehttp 60164 47568 "GET /static/core/img/hero-image.svg HTTP/1.1" 404 1929
WARNING 2025-03-22 23:23:39,269 basehttp 60164 21484 "GET /static/core/img/logo.png HTTP/1.1" 404 1911
INFO 2025-03-22 23:23:40,473 basehttp 60164 30408 "GET / HTTP/1.1" 200 15362
WARNING 2025-03-22 23:23:40,529 basehttp 60164 65168 "GET /static/core/img/hero-image.svg HTTP/1.1" 404 1929
WARNING 2025-03-22 23:23:40,529 basehttp 60164 30408 "GET /static/core/img/logo.png HTTP/1.1" 404 1911
INFO 2025-03-22 23:23:41,331 basehttp 60164 43796 "GET / HTTP/1.1" 200 15362
WARNING 2025-03-22 23:23:41,373 basehttp 60164 43796 "GET /static/core/img/logo.png HTTP/1.1" 404 1911
WARNING 2025-03-22 23:23:41,375 basehttp 60164 38136 "GET /static/core/img/hero-image.svg HTTP/1.1" 404 1929
INFO 2025-03-22 23:23:42,217 basehttp 60164 28176 "GET / HTTP/1.1" 200 15362
WARNING 2025-03-22 23:23:42,255 basehttp 60164 55132 "GET /static/core/img/hero-image.svg HTTP/1.1" 404 1929
WARNING 2025-03-22 23:23:42,262 basehttp 60164 28176 "GET /static/core/img/logo.png HTTP/1.1" 404 1911
INFO 2025-03-22 23:25:05,161 basehttp 60164 53588 "GET / HTTP/1.1" 200 15362
WARNING 2025-03-22 23:25:05,204 basehttp 60164 53588 "GET /static/core/img/hero-image.svg HTTP/1.1" 404 1929
WARNING 2025-03-22 23:25:05,209 basehttp 60164 21592 "GET /static/core/img/logo.png HTTP/1.1" 404 1911
INFO 2025-03-22 23:25:06,209 basehttp 60164 39120 "GET / HTTP/1.1" 200 15362
WARNING 2025-03-22 23:25:06,246 basehttp 60164 59376 "GET /static/core/img/hero-image.svg HTTP/1.1" 404 1929
WARNING 2025-03-22 23:25:06,247 basehttp 60164 39120 "GET /static/core/img/logo.png HTTP/1.1" 404 1911
INFO 2025-03-22 23:25:07,115 basehttp 60164 42588 "GET / HTTP/1.1" 200 15362
WARNING 2025-03-22 23:25:07,154 basehttp 60164 2536 "GET /static/core/img/logo.png HTTP/1.1" 404 1911
WARNING 2025-03-22 23:25:07,157 basehttp 60164 42588 "GET /static/core/img/hero-image.svg HTTP/1.1" 404 1929
INFO 2025-03-22 23:26:11,201 basehttp 60164 63772 "GET / HTTP/1.1" 200 15362
WARNING 2025-03-22 23:26:11,247 basehttp 60164 63772 "GET /static/core/img/logo.png HTTP/1.1" 404 1911
WARNING 2025-03-22 23:26:11,248 basehttp 60164 13336 "GET /static/core/img/hero-image.svg HTTP/1.1" 404 1929
INFO 2025-03-22 23:26:12,025 basehttp 60164 48504 "GET / HTTP/1.1" 200 15362
WARNING 2025-03-22 23:26:12,060 basehttp 60164 48504 "GET /static/core/img/logo.png HTTP/1.1" 404 1911
WARNING 2025-03-22 23:26:12,067 basehttp 60164 57900 "GET /static/core/img/hero-image.svg HTTP/1.1" 404 1929
INFO 2025-03-22 23:26:20,704 basehttp 60164 51748 "GET /issues/ HTTP/1.1" 200 8352
WARNING 2025-03-22 23:26:20,741 basehttp 60164 51748 "GET /static/core/img/logo.png HTTP/1.1" 404 1911
INFO 2025-03-22 23:26:25,120 basehttp 60164 59576 "GET /issues/?status=&category=&priority=low HTTP/1.1" 200 8360
WARNING 2025-03-22 23:26:25,152 basehttp 60164 59576 "GET /static/core/img/logo.png HTTP/1.1" 404 1911
INFO 2025-03-22 23:26:28,845 basehttp 60164 38680 "GET /issues/?status=&category=&priority= HTTP/1.1" 200 8352
WARNING 2025-03-22 23:26:28,877 basehttp 60164 38680 "GET /static/core/img/logo.png HTTP/1.1" 404 1911
INFO 2025-03-22 23:26:29,840 basehttp 60164 2620 "GET /issues/new/ HTTP/1.1" 302 0
INFO 2025-03-22 23:26:29,855 basehttp 60164 2620 "GET /login/?next=/issues/new/ HTTP/1.1" 200 6836
WARNING 2025-03-22 23:26:29,887 basehttp 60164 2620 "GET /static/core/img/logo.png HTTP/1.1" 404 1911
INFO 2025-03-22 23:26:43,974 basehttp 60164 25028 "GET / HTTP/1.1" 200 15362
WARNING 2025-03-22 23:26:44,018 basehttp 60164 25028 "GET /static/core/img/logo.png HTTP/1.1" 404 1911
WARNING 2025-03-22 23:26:44,034 basehttp 60164 22452 "GET /static/core/img/hero-image.svg HTTP/1.1" 404 1929
INFO 2025-03-22 23:27:41,005 basehttp 60164 61772 "GET / HTTP/1.1" 200 15362
WARNING 2025-03-22 23:27:41,047 basehttp 60164 61772 "GET /static/core/img/logo.png HTTP/1.1" 404 1911
WARNING 2025-03-22 23:27:41,047 basehttp 60164 27220 "GET /static/core/img/hero-image.svg HTTP/1.1" 404 1929
INFO 2025-03-22 23:27:44,559 basehttp 60164 62004 "GET / HTTP/1.1" 200 15362
WARNING 2025-03-22 23:27:44,605 basehttp 60164 62004 "GET /static/core/img/logo.png HTTP/1.1" 404 1911
WARNING 2025-03-22 23:27:44,606 basehttp 60164 61108 "GET /static/core/img/hero-image.svg HTTP/1.1" 404 1929
INFO 2025-03-22 23:28:53,445 basehttp 60164 23732 "GET / HTTP/1.1" 200 15362
INFO 2025-03-22 23:28:53,454 basehttp 60164 23732 "GET /static/core/css/style.css HTTP/1.1" 304 0
WARNING 2025-03-22 23:28:53,480 basehttp 60164 57236 "GET /static/core/img/hero-image.svg HTTP/1.1" 404 1929
WARNING 2025-03-22 23:28:53,487 basehttp 60164 23732 "GET /static/core/img/logo.png HTTP/1.1" 404 1911
INFO 2025-03-22 23:28:54,279 basehttp 60164 63352 "GET / HTTP/1.1" 200 15362
WARNING 2025-03-22 23:28:54,314 basehttp 60164 63352 "GET /static/core/img/logo.png HTTP/1.1" 404 1911
WARNING 2025-03-22 23:28:54,323 basehttp 60164 38984 "GET /static/core/img/hero-image.svg HTTP/1.1" 404 1929
INFO 2025-03-22 23:29:49,555 basehttp 60164 53060 "GET / HTTP/1.1" 200 15362
WARNING 2025-03-22 23:29:49,592 basehttp 60164 53060 "GET /static/core/img/logo.png HTTP/1.1" 404 1911
WARNING 2025-03-22 23:29:49,592 basehttp 60164 55388 "GET /static/core/img/hero-image.svg HTTP/1.1" 404 1929
INFO 2025-03-22 23:29:50,460 basehttp 60164 13308 "GET / HTTP/1.1" 200 15362
WARNING 2025-03-22 23:29:50,501 basehttp 60164 57332 "GET /static/core/img/hero-image.svg HTTP/1.1" 404 1929
WARNING 2025-03-22 23:29:50,509 basehttp 60164 13308 "GET /static/core/img/logo.png HTTP/1.1" 404 1911
INFO 2025-03-22 23:30:23,337 basehttp 60164 39844 "GET / HTTP/1.1" 200 15362
WARNING 2025-03-22 23:30:23,368 basehttp 60164 59236 "GET /static/core/img/hero-image.svg HTTP/1.1" 404 1929
WARNING 2025-03-22 23:30:23,368 basehttp 60164 39844 "GET /static/core/img/logo.png HTTP/1.1" 404 1911
INFO 2025-03-22 23:31:12,669 basehttp 60164 65216 "GET / HTTP/1.1" 200 15362
WARNING 2025-03-22 23:31:12,703 basehttp 60164 65216 "GET /static/core/img/logo.png HTTP/1.1" 404 1911
WARNING 2025-03-22 23:31:12,714 basehttp 60164 13472 "GET /static/core/img/hero-image.svg HTTP/1.1" 404 1929
INFO 2025-03-22 23:31:13,795 basehttp 60164 51276 "GET / HTTP/1.1" 200 15362
WARNING 2025-03-22 23:31:13,837 basehttp 60164 51276 "GET /static/core/img/logo.png HTTP/1.1" 404 1911
WARNING 2025-03-22 23:31:13,853 basehttp 60164 56152 "GET /static/core/img/hero-image.svg HTTP/1.1" 404 1929
INFO 2025-03-22 23:31:14,596 basehttp 60164 21836 "GET / HTTP/1.1" 200 15362
WARNING 2025-03-22 23:31:14,648 basehttp 60164 21836 "GET /static/core/img/logo.png HTTP/1.1" 404 1911
WARNING 2025-03-22 23:31:14,648 basehttp 60164 38600 "GET /static/core/img/hero-image.svg HTTP/1.1" 404 1929
INFO 2025-03-22 23:32:21,342 basehttp 60164 38288 "GET / HTTP/1.1" 200 15362
INFO 2025-03-22 23:32:21,373 basehttp 60164 29932 "GET /static/core/js/main.js HTTP/1.1" 304 0
WARNING 2025-03-22 23:32:21,384 basehttp 60164 39216 "GET /static/core/img/hero-image.svg HTTP/1.1" 404 1929
WARNING 2025-03-22 23:32:21,384 basehttp 60164 38288 "GET /static/core/img/logo.png HTTP/1.1" 404 1911
INFO 2025-03-22 23:32:25,905 basehttp 60164 29932 "GET / HTTP/1.1" 200 15362
WARNING 2025-03-22 23:32:25,943 basehttp 60164 29932 "GET /static/core/img/logo.png HTTP/1.1" 404 1911
WARNING 2025-03-22 23:32:25,946 basehttp 60164 59404 "GET /static/core/img/hero-image.svg HTTP/1.1" 404 1929
INFO 2025-03-22 23:32:27,053 basehttp 60164 62016 "GET / HTTP/1.1" 200 15362
WARNING 2025-03-22 23:32:27,093 basehttp 60164 62016 "GET /static/core/img/logo.png HTTP/1.1" 404 1911
WARNING 2025-03-22 23:32:27,102 basehttp 60164 47624 "GET /static/core/img/hero-image.svg HTTP/1.1" 404 1929
INFO 2025-03-22 23:34:35,588 basehttp 60164 36076 "GET / HTTP/1.1" 200 15362
WARNING 2025-03-22 23:34:35,632 basehttp 60164 36076 "GET /static/core/img/logo.png HTTP/1.1" 404 1911
WARNING 2025-03-22 23:34:35,643 basehttp 60164 55816 "GET /static/core/img/hero-image.svg HTTP/1.1" 404 1929
INFO 2025-03-22 23:34:36,612 basehttp 60164 29884 "GET / HTTP/1.1" 200 15362
WARNING 2025-03-22 23:34:36,648 basehttp 60164 43092 "GET /static/core/img/hero-image.svg HTTP/1.1" 404 1929
WARNING 2025-03-22 23:34:36,658 basehttp 60164 29884 "GET /static/core/img/logo.png HTTP/1.1" 404 1911
INFO 2025-03-22 23:34:37,513 basehttp 60164 24136 "GET / HTTP/1.1" 200 15362
WARNING 2025-03-22 23:34:37,560 basehttp 60164 24136 "GET /static/core/img/logo.png HTTP/1.1" 404 1911
WARNING 2025-03-22 23:34:37,565 basehttp 60164 62944 "GET /static/core/img/hero-image.svg HTTP/1.1" 404 1929
INFO 2025-03-22 23:36:08,392 basehttp 60164 49916 "GET / HTTP/1.1" 200 15362
WARNING 2025-03-22 23:36:08,443 basehttp 60164 49916 "GET /static/core/img/logo.png HTTP/1.1" 404 1911
WARNING 2025-03-22 23:36:08,446 basehttp 60164 13416 "GET /static/core/img/hero-image.svg HTTP/1.1" 404 1929
INFO 2025-03-22 23:49:25,581 basehttp 60164 5264 "GET / HTTP/1.1" 200 15362
INFO 2025-03-22 23:49:25,602 basehttp 60164 34136 "GET /static/core/css/style.css HTTP/1.1" 304 0
WARNING 2025-03-22 23:49:25,635 basehttp 60164 5264 "GET /static/core/img/logo.png HTTP/1.1" 404 1911
WARNING 2025-03-22 23:49:25,635 basehttp 60164 4244 "GET /static/core/img/hero-image.svg HTTP/1.1" 404 1929
WARNING 2025-03-22 23:49:25,645 basehttp 60164 34136 "GET /static/core/img/pattern.png HTTP/1.1" 404 1920
INFO 2025-03-22 23:51:20,811 basehttp 60164 47728 "GET / HTTP/1.1" 200 15362
WARNING 2025-03-22 23:51:20,872 basehttp 60164 47728 "GET /static/core/img/logo.png HTTP/1.1" 404 1911
WARNING 2025-03-22 23:51:20,881 basehttp 60164 60296 "GET /static/core/img/hero-image.svg HTTP/1.1" 404 1929
INFO 2025-03-22 23:51:21,639 basehttp 60164 41164 "GET / HTTP/1.1" 200 15362
WARNING 2025-03-22 23:51:21,666 basehttp 60164 41164 "GET /static/core/img/logo.png HTTP/1.1" 404 1911
WARNING 2025-03-22 23:51:21,666 basehttp 60164 48624 "GET /static/core/img/hero-image.svg HTTP/1.1" 404 1929
INFO 2025-03-22 23:52:34,521 basehttp 60164 13200 "GET / HTTP/1.1" 200 15362
WARNING 2025-03-22 23:52:34,579 basehttp 60164 13200 "GET /static/core/img/logo.png HTTP/1.1" 404 1911
WARNING 2025-03-22 23:52:34,579 basehttp 60164 43296 "GET /static/core/img/hero-image.svg HTTP/1.1" 404 1929
INFO 2025-03-22 23:52:35,341 basehttp 60164 35620 "GET / HTTP/1.1" 200 15362
WARNING 2025-03-22 23:52:35,399 basehttp 60164 35620 "GET /static/core/img/logo.png HTTP/1.1" 404 1911
WARNING 2025-03-22 23:52:35,399 basehttp 60164 38424 "GET /static/core/img/hero-image.svg HTTP/1.1" 404 1929
INFO 2025-03-22 23:53:46,795 basehttp 60164 19696 "GET / HTTP/1.1" 200 15362
INFO 2025-03-22 23:53:46,825 basehttp 60164 39700 "GET /static/core/js/main.js HTTP/1.1" 304 0
WARNING 2025-03-22 23:53:46,826 basehttp 60164 19696 "GET /static/core/img/logo.png HTTP/1.1" 404 1911
WARNING 2025-03-22 23:53:46,826 basehttp 60164 38104 "GET /static/core/img/hero-image.svg HTTP/1.1" 404 1929
INFO 2025-03-22 23:53:47,553 basehttp 60164 39700 "GET / HTTP/1.1" 200 15362
WARNING 2025-03-22 23:53:47,607 basehttp 60164 39700 "GET /static/core/img/logo.png HTTP/1.1" 404 1911
WARNING 2025-03-22 23:53:47,615 basehttp 60164 45252 "GET /static/core/img/hero-image.svg HTTP/1.1" 404 1929
INFO 2025-03-22 23:53:50,292 basehttp 60164 56224 "GET / HTTP/1.1" 200 15362
WARNING 2025-03-22 23:53:50,332 basehttp 60164 56224 "GET /static/core/img/logo.png HTTP/1.1" 404 1911
WARNING 2025-03-22 23:53:50,337 basehttp 60164 30944 "GET /static/core/img/hero-image.svg HTTP/1.1" 404 1929
INFO 2025-03-22 23:54:38,570 basehttp 60164 17532 "GET / HTTP/1.1" 200 15362
WARNING 2025-03-22 23:54:38,632 basehttp 60164 17532 "GET /static/core/img/logo.png HTTP/1.1" 404 1911
WARNING 2025-03-22 23:54:38,633 basehttp 60164 62236 "GET /static/core/img/hero-image.svg HTTP/1.1" 404 1929
INFO 2025-03-22 23:54:42,336 basehttp 60164 42980 "GET / HTTP/1.1" 200 15362
WARNING 2025-03-22 23:54:42,369 basehttp 60164 42980 "GET /static/core/img/logo.png HTTP/1.1" 404 1911
WARNING 2025-03-22 23:54:42,376 basehttp 60164 59704 "GET /static/core/img/hero-image.svg HTTP/1.1" 404 1929
INFO 2025-03-22 23:54:43,318 basehttp 60164 27528 "GET / HTTP/1.1" 200 15362
WARNING 2025-03-22 23:54:43,352 basehttp 60164 27528 "GET /static/core/img/logo.png HTTP/1.1" 404 1911
WARNING 2025-03-22 23:54:43,352 basehttp 60164 41888 "GET /static/core/img/hero-image.svg HTTP/1.1" 404 1929
INFO 2025-03-22 23:55:31,841 basehttp 60164 4048 "GET / HTTP/1.1" 200 15362
WARNING 2025-03-22 23:55:31,876 basehttp 60164 26820 "GET /static/core/img/hero-image.svg HTTP/1.1" 404 1929
WARNING 2025-03-22 23:55:31,881 basehttp 60164 4048 "GET /static/core/img/logo.png HTTP/1.1" 404 1911
INFO 2025-03-22 23:55:33,044 basehttp 60164 62528 "GET / HTTP/1.1" 200 15362
WARNING 2025-03-22 23:55:33,079 basehttp 60164 62528 "GET /static/core/img/logo.png HTTP/1.1" 404 1911
WARNING 2025-03-22 23:55:33,085 basehttp 60164 54380 "GET /static/core/img/hero-image.svg HTTP/1.1" 404 1929
INFO 2025-03-22 23:55:33,852 basehttp 60164 38956 "GET / HTTP/1.1" 200 15362
WARNING 2025-03-22 23:55:33,890 basehttp 60164 1548 "GET /static/core/img/hero-image.svg HTTP/1.1" 404 1929
WARNING 2025-03-22 23:55:33,890 basehttp 60164 38956 "GET /static/core/img/logo.png HTTP/1.1" 404 1911
INFO 2025-03-22 23:55:36,031 basehttp 60164 31068 "GET / HTTP/1.1" 200 15362
WARNING 2025-03-22 23:55:36,061 basehttp 60164 31068 "GET /static/core/img/logo.png HTTP/1.1" 404 1911
WARNING 2025-03-22 23:55:36,064 basehttp 60164 62928 "GET /static/core/img/hero-image.svg HTTP/1.1" 404 1929
INFO 2025-03-22 23:57:11,262 basehttp 60164 4208 "GET / HTTP/1.1" 200 15362
WARNING 2025-03-22 23:57:11,309 basehttp 60164 4208 "GET /static/core/img/logo.png HTTP/1.1" 404 1911
WARNING 2025-03-22 23:57:11,309 basehttp 60164 60708 "GET /static/core/img/hero-image.svg HTTP/1.1" 404 1929
INFO 2025-03-22 23:58:36,827 basehttp 60164 57616 "GET / HTTP/1.1" 200 15362
WARNING 2025-03-22 23:58:36,859 basehttp 60164 63852 "GET /static/core/img/hero-image.svg HTTP/1.1" 404 1929
WARNING 2025-03-22 23:58:36,870 basehttp 60164 57616 "GET /static/core/img/logo.png HTTP/1.1" 404 1911
INFO 2025-03-22 23:58:38,354 basehttp 60164 48456 "GET / HTTP/1.1" 200 15362
WARNING 2025-03-22 23:58:38,393 basehttp 60164 48456 "GET /static/core/img/logo.png HTTP/1.1" 404 1911
WARNING 2025-03-22 23:58:38,401 basehttp 60164 30316 "GET /static/core/img/hero-image.svg HTTP/1.1" 404 1929
INFO 2025-03-22 23:58:45,628 basehttp 60164 3872 "GET /issues/new/ HTTP/1.1" 302 0
INFO 2025-03-22 23:58:45,710 basehttp 60164 3872 "GET /login/?next=/issues/new/ HTTP/1.1" 200 6836
WARNING 2025-03-22 23:58:45,744 basehttp 60164 3872 "GET /static/core/img/logo.png HTTP/1.1" 404 1911
INFO 2025-03-22 23:58:47,812 basehttp 60164 62680 "GET /register/ HTTP/1.1" 200 7729
WARNING 2025-03-22 23:58:47,857 basehttp 60164 62680 "GET /static/core/img/logo.png HTTP/1.1" 404 1911
INFO 2025-03-22 23:59:07,560 basehttp 60164 41832 "GET /login/ HTTP/1.1" 200 6836
WARNING 2025-03-22 23:59:07,592 basehttp 60164 41832 "GET /static/core/img/logo.png HTTP/1.1" 404 1911
INFO 2025-03-22 23:59:15,748 basehttp 60164 42968 "POST /login/ HTTP/1.1" 200 7025
WARNING 2025-03-22 23:59:15,786 basehttp 60164 42968 "GET /static/core/img/logo.png HTTP/1.1" 404 1911
INFO 2025-03-22 23:59:19,883 basehttp 60164 22396 "GET / HTTP/1.1" 200 15362
WARNING 2025-03-22 23:59:19,924 basehttp 60164 22396 "GET /static/core/img/logo.png HTTP/1.1" 404 1911
WARNING 2025-03-22 23:59:19,924 basehttp 60164 14404 "GET /static/core/img/hero-image.svg HTTP/1.1" 404 1929
INFO 2025-03-23 00:01:37,190 basehttp 60164 50132 "GET / HTTP/1.1" 200 15362
WARNING 2025-03-23 00:01:37,230 basehttp 60164 40272 "GET /static/core/img/hero-image.svg HTTP/1.1" 404 1929
WARNING 2025-03-23 00:01:37,230 basehttp 60164 50132 "GET /static/core/img/logo.png HTTP/1.1" 404 1911
INFO 2025-03-23 00:01:38,049 basehttp 60164 35588 "GET / HTTP/1.1" 200 15362
WARNING 2025-03-23 00:01:38,096 basehttp 60164 11472 "GET /static/core/img/logo.png HTTP/1.1" 404 1911
WARNING 2025-03-23 00:01:38,096 basehttp 60164 35588 "GET /static/core/img/hero-image.svg HTTP/1.1" 404 1929
INFO 2025-03-23 00:01:38,799 basehttp 60164 24636 "GET / HTTP/1.1" 200 15362
WARNING 2025-03-23 00:01:38,848 basehttp 60164 63140 "GET /static/core/img/hero-image.svg HTTP/1.1" 404 1929
WARNING 2025-03-23 00:01:38,853 basehttp 60164 24636 "GET /static/core/img/logo.png HTTP/1.1" 404 1911
INFO 2025-03-23 00:01:39,533 basehttp 60164 49916 "GET / HTTP/1.1" 200 15362
WARNING 2025-03-23 00:01:39,581 basehttp 60164 49916 "GET /static/core/img/logo.png HTTP/1.1" 404 1911
WARNING 2025-03-23 00:01:39,581 basehttp 60164 54632 "GET /static/core/img/hero-image.svg HTTP/1.1" 404 1929
INFO 2025-03-23 00:02:27,833 basehttp 60164 32948 "GET / HTTP/1.1" 200 15362
WARNING 2025-03-23 00:02:27,873 basehttp 60164 32948 "GET /static/core/img/logo.png HTTP/1.1" 404 1911
WARNING 2025-03-23 00:02:27,873 basehttp 60164 59468 "GET /static/core/img/hero-image.svg HTTP/1.1" 404 1929
INFO 2025-03-23 00:12:38,023 basehttp 60164 52768 "GET / HTTP/1.1" 200 15362
INFO 2025-03-23 00:12:38,049 basehttp 60164 52768 "GET /static/core/css/style.css HTTP/1.1" 304 0
WARNING 2025-03-23 00:12:38,072 basehttp 60164 54688 "GET /static/core/img/logo.png HTTP/1.1" 404 1911
WARNING 2025-03-23 00:12:38,082 basehttp 60164 45976 "GET /static/core/img/hero-image.svg HTTP/1.1" 404 1929
WARNING 2025-03-23 00:12:38,100 basehttp 60164 52768 "GET /static/core/img/pattern.png HTTP/1.1" 404 1920
INFO 2025-03-23 00:12:40,734 basehttp 60164 38148 "GET /issues/ HTTP/1.1" 200 8352
WARNING 2025-03-23 00:12:40,781 basehttp 60164 38148 "GET /static/core/img/logo.png HTTP/1.1" 404 1911
INFO 2025-03-23 00:12:42,297 basehttp 60164 61860 "GET /login/ HTTP/1.1" 200 6836
WARNING 2025-03-23 00:12:42,328 basehttp 60164 61860 "GET /static/core/img/logo.png HTTP/1.1" 404 1911
INFO 2025-03-23 00:12:43,307 basehttp 60164 61368 "GET /register/ HTTP/1.1" 200 7729
WARNING 2025-03-23 00:12:43,337 basehttp 60164 61368 "GET /static/core/img/logo.png HTTP/1.1" 404 1911
INFO 2025-03-23 00:12:44,151 basehttp 60164 55052 "GET / HTTP/1.1" 200 15362
WARNING 2025-03-23 00:12:44,197 basehttp 60164 55052 "GET /static/core/img/logo.png HTTP/1.1" 404 1911
WARNING 2025-03-23 00:12:44,197 basehttp 60164 18080 "GET /static/core/img/hero-image.svg HTTP/1.1" 404 1929
INFO 2025-03-23 00:17:30,117 basehttp 60164 43116 "GET / HTTP/1.1" 200 15278
INFO 2025-03-23 00:17:30,141 basehttp 60164 64968 "GET /static/core/js/main.js HTTP/1.1" 304 0
WARNING 2025-03-23 00:17:30,159 basehttp 60164 43116 "GET /static/core/img/hero-image.svg HTTP/1.1" 404 1929
WARNING 2025-03-23 00:17:30,159 basehttp 60164 64968 "GET /static/core/img/pattern.png HTTP/1.1" 404 1920
INFO 2025-03-23 00:17:31,603 basehttp 60164 42548 "GET /issues/ HTTP/1.1" 200 8268
INFO 2025-03-23 00:18:54,743 basehttp 60164 42548 "GET /issues/ HTTP/1.1" 200 8268
INFO 2025-03-23 00:18:56,221 basehttp 60164 42548 "GET / HTTP/1.1" 200 15278
WARNING 2025-03-23 00:18:56,287 basehttp 60164 42548 "GET /static/core/img/hero-image.svg HTTP/1.1" 404 1929
INFO 2025-03-23 00:18:59,890 basehttp 60164 15540 "GET / HTTP/1.1" 200 15278
WARNING 2025-03-23 00:18:59,914 basehttp 60164 15540 "GET /static/core/img/hero-image.svg HTTP/1.1" 404 1929
INFO 2025-03-23 00:19:01,882 basehttp 60164 41092 "GET / HTTP/1.1" 200 15278
WARNING 2025-03-23 00:19:01,906 basehttp 60164 41092 "GET /static/core/img/hero-image.svg HTTP/1.1" 404 1929
INFO 2025-03-23 00:19:03,057 basehttp 60164 7940 "GET / HTTP/1.1" 200 15278
WARNING 2025-03-23 00:19:03,087 basehttp 60164 7940 "GET /static/core/img/hero-image.svg HTTP/1.1" 404 1929
INFO 2025-03-23 00:27:24,285 basehttp 60164 26176 "GET / HTTP/1.1" 200 15278
WARNING 2025-03-23 00:27:24,315 basehttp 60164 26176 "GET /static/core/img/hero-image.svg HTTP/1.1" 404 1929
WARNING 2025-03-23 00:27:24,328 basehttp 60164 53884 "GET /static/core/img/pattern.png HTTP/1.1" 404 1920
INFO 2025-03-23 00:27:25,591 basehttp 60164 59700 "GET / HTTP/1.1" 200 15278
WARNING 2025-03-23 00:27:25,631 basehttp 60164 59700 "GET /static/core/img/hero-image.svg HTTP/1.1" 404 1929
INFO 2025-03-23 00:27:35,070 basehttp 60164 50612 "GET /issues/ HTTP/1.1" 200 8268
INFO 2025-03-23 00:27:36,704 basehttp 60164 50612 "GET /login/ HTTP/1.1" 200 6752
INFO 2025-03-23 00:27:38,089 basehttp 60164 50612 "GET / HTTP/1.1" 200 15278
WARNING 2025-03-23 00:27:38,129 basehttp 60164 50612 "GET /static/core/img/hero-image.svg HTTP/1.1" 404 1929
INFO 2025-03-23 00:30:10,804 basehttp 60164 63676 "GET / HTTP/1.1" 200 15278
WARNING 2025-03-23 00:30:10,838 basehttp 60164 63676 "GET /static/core/img/hero-image.svg HTTP/1.1" 404 1929
INFO 2025-03-23 00:30:12,017 basehttp 60164 25316 "GET / HTTP/1.1" 200 15278
WARNING 2025-03-23 00:30:12,038 basehttp 60164 25316 "GET /static/core/img/hero-image.svg HTTP/1.1" 404 1929
INFO 2025-03-23 00:30:12,751 basehttp 60164 14012 "GET / HTTP/1.1" 200 15278
WARNING 2025-03-23 00:30:12,777 basehttp 60164 14012 "GET /static/core/img/hero-image.svg HTTP/1.1" 404 1929
INFO 2025-03-23 00:32:04,386 basehttp 60164 53816 "GET / HTTP/1.1" 200 15278
WARNING 2025-03-23 00:32:04,410 basehttp 60164 53816 "GET /static/core/img/hero-image.svg HTTP/1.1" 404 1929
WARNING 2025-03-23 00:32:04,424 basehttp 60164 60312 "GET /static/core/img/pattern.png HTTP/1.1" 404 1920
INFO 2025-03-23 00:32:05,161 basehttp 60164 62084 "GET / HTTP/1.1" 200 15278
WARNING 2025-03-23 00:32:05,191 basehttp 60164 62084 "GET /static/core/img/hero-image.svg HTTP/1.1" 404 1929
INFO 2025-03-23 00:33:09,973 basehttp 60164 57652 "GET / HTTP/1.1" 200 15278
INFO 2025-03-23 00:33:10,276 basehttp 60164 57652 "GET /static/core/img/hero-image.png HTTP/1.1" 200 1067
INFO 2025-03-23 00:45:48,219 basehttp 60164 42188 "GET / HTTP/1.1" 200 15279
INFO 2025-03-23 00:45:48,246 basehttp 60164 43824 "GET /static/core/css/style.css HTTP/1.1" 304 0
INFO 2025-03-23 00:45:48,247 basehttp 60164 26632 "GET /static/core/js/main.js HTTP/1.1" 304 0
INFO 2025-03-23 00:45:48,263 basehttp 60164 42188 "GET /static/core/img/board-members.png HTTP/1.1" 200 38474
WARNING 2025-03-23 00:45:48,267 basehttp 60164 26632 "GET /static/core/img/pattern.png HTTP/1.1" 404 1920
INFO 2025-03-23 00:45:48,282 basehttp 60164 42188 "GET /static/core/img/trust.png HTTP/1.1" 200 44246
INFO 2025-03-23 00:46:04,534 basehttp 60164 42188 "GET /issues/ HTTP/1.1" 200 8266
INFO 2025-03-23 00:46:05,833 basehttp 60164 42188 "GET /login/ HTTP/1.1" 200 6750
INFO 2025-03-23 00:46:07,484 basehttp 60164 42188 "GET / HTTP/1.1" 200 15279
INFO 2025-03-23 00:46:07,502 basehttp 60164 42188 "GET /static/core/img/board-members.png HTTP/1.1" 304 0
INFO 2025-03-23 00:47:37,171 basehttp 60164 42188 "GET / HTTP/1.1" 200 15655
INFO 2025-03-23 00:47:37,190 basehttp 60164 42188 "GET /static/core/img/board-members.png HTTP/1.1" 304 0
INFO 2025-03-23 00:47:37,193 basehttp 60164 43824 "GET /static/core/img/trust.png HTTP/1.1" 304 0
INFO 2025-03-23 00:47:44,429 basehttp 60164 43824 "GET / HTTP/1.1" 200 15655
INFO 2025-03-23 00:48:27,101 basehttp 60164 43824 "GET / HTTP/1.1" 200 15655
INFO 2025-03-23 00:48:27,121 basehttp 60164 43824 "GET /static/core/img/board-members.png HTTP/1.1" 304 0
INFO 2025-03-23 00:48:27,125 basehttp 60164 43824 "GET /static/core/img/trust.png HTTP/1.1" 304 0
INFO 2025-03-23 00:48:28,078 basehttp 60164 43824 "GET / HTTP/1.1" 200 15655
INFO 2025-03-23 00:48:28,996 basehttp 60164 43824 "GET / HTTP/1.1" 200 15655
INFO 2025-03-23 00:49:40,074 basehttp 60164 43824 "GET / HTTP/1.1" 200 15655
INFO 2025-03-23 00:49:40,098 basehttp 60164 43824 "GET /static/core/img/board-members.png HTTP/1.1" 304 0
INFO 2025-03-23 00:49:40,102 basehttp 60164 43824 "GET /static/core/img/trust.png HTTP/1.1" 304 0
INFO 2025-03-23 00:49:41,065 basehttp 60164 43824 "GET / HTTP/1.1" 200 15655
INFO 2025-03-23 00:50:29,008 basehttp 60164 43824 "GET / HTTP/1.1" 200 15655
INFO 2025-03-23 00:50:29,041 basehttp 60164 42188 "GET /static/core/img/trust.png HTTP/1.1" 304 0
INFO 2025-03-23 00:50:29,041 basehttp 60164 43824 "GET /static/core/img/board-members.png HTTP/1.1" 304 0
INFO 2025-03-23 00:50:29,737 basehttp 60164 43824 "GET / HTTP/1.1" 200 15655
INFO 2025-03-23 00:50:31,144 basehttp 60164 43824 "GET / HTTP/1.1" 200 15655
INFO 2025-03-23 00:51:17,973 basehttp 60164 43824 "GET / HTTP/1.1" 200 15655
INFO 2025-03-23 00:51:18,010 basehttp 60164 43824 "GET /static/core/img/board-members.png HTTP/1.1" 304 0
INFO 2025-03-23 00:51:18,756 basehttp 60164 43824 "GET / HTTP/1.1" 200 15655
INFO 2025-03-23 00:51:19,697 basehttp 60164 43824 "GET / HTTP/1.1" 200 15655
INFO 2025-03-23 00:52:27,503 basehttp 60164 43824 "GET / HTTP/1.1" 200 15655
INFO 2025-03-23 00:52:27,523 basehttp 60164 43824 "GET /static/core/img/board-members.png HTTP/1.1" 304 0
INFO 2025-03-23 00:52:27,526 basehttp 60164 43824 "GET /static/core/img/trust.png HTTP/1.1" 304 0
INFO 2025-03-23 00:52:28,264 basehttp 60164 43824 "GET / HTTP/1.1" 200 15655
INFO 2025-03-23 00:52:28,951 basehttp 60164 43824 "GET / HTTP/1.1" 200 15655
INFO 2025-03-23 00:53:27,926 basehttp 60164 8308 "GET /issues/ HTTP/1.1" 200 8266
INFO 2025-03-23 00:56:05,279 basehttp 60164 8308 "GET /issues/ HTTP/1.1" 200 8272
INFO 2025-03-23 00:56:05,309 basehttp 60164 8308 "GET /static/core/img/trust.png HTTP/1.1" 304 0
INFO 2025-03-23 00:56:53,303 basehttp 60164 8308 "GET / HTTP/1.1" 200 15661
INFO 2025-03-23 00:56:53,321 basehttp 60164 8308 "GET /static/core/img/board-members.png HTTP/1.1" 304 0
INFO 2025-03-23 01:00:25,376 basehttp 60164 8308 "GET / HTTP/1.1" 200 15660
INFO 2025-03-23 01:00:25,399 basehttp 60164 8308 "GET /static/core/img/board-members.png HTTP/1.1" 304 0
INFO 2025-03-23 01:00:25,402 basehttp 60164 8308 "GET /static/core/img/trust.png HTTP/1.1" 304 0
WARNING 2025-03-23 01:00:25,411 basehttp 60164 8308 "GET /static/core/img/pattern.png HTTP/1.1" 404 1920
INFO 2025-03-23 01:00:25,412 basehttp 60164 18384 "GET /static/core/img/logo.png HTTP/1.1" 200 12222
INFO 2025-03-23 01:00:26,810 basehttp 60164 18384 "GET / HTTP/1.1" 200 15660
